<?xml version="1.0" encoding="UTF-8"?>
<!-- Generated by org.testng.reporters.JUnitReportReporter -->
<testsuite hostname="LTIN266616" failures="0" tests="3" name="testrunner.testRunner" time="395.497" errors="0" timestamp="2024-02-26T13:14:39 IST" skipped="0">
  <testcase classname="testrunner.testRunner" name="runScenario" time="14.571"/>
  <testcase classname="testrunner.testRunner" name="runScenario" time="309.655"/>
  <testcase classname="testrunner.testRunner" name="runScenario" time="71.271"/>
</testsuite> <!-- testrunner.testRunner -->
