<?xml version="1.0" encoding="UTF-8"?>
<!-- Generated by org.testng.reporters.JUnitReportReporter -->
<testsuite hostname="LTIN266616" failures="0" tests="16" name="testrunner.TestRunner" time="112.182" errors="0" timestamp="2024-03-10T00:32:53 IST" skipped="0">
  <testcase classname="testrunner.TestRunner" name="runScenario" time="19.235"/>
  <testcase classname="testrunner.TestRunner" name="runScenario" time="4.075"/>
  <testcase classname="testrunner.TestRunner" name="runScenario" time="7.076"/>
  <testcase classname="testrunner.TestRunner" name="runScenario" time="3.025"/>
  <testcase classname="testrunner.TestRunner" name="runScenario" time="15.550"/>
  <testcase classname="testrunner.TestRunner" name="runScenario" time="4.357"/>
  <testcase classname="testrunner.TestRunner" name="runScenario" time="2.323"/>
  <testcase classname="testrunner.TestRunner" name="runScenario" time="8.761"/>
  <testcase classname="testrunner.TestRunner" name="runScenario" time="4.717"/>
  <testcase classname="testrunner.TestRunner" name="runScenario" time="4.374"/>
  <testcase classname="testrunner.TestRunner" name="runScenario" time="2.633"/>
  <testcase classname="testrunner.TestRunner" name="runScenario" time="5.785"/>
  <testcase classname="testrunner.TestRunner" name="runScenario" time="7.122"/>
  <testcase classname="testrunner.TestRunner" name="runScenario" time="5.370"/>
  <testcase classname="testrunner.TestRunner" name="runScenario" time="4.551"/>
  <testcase classname="testrunner.TestRunner" name="runScenario" time="13.228"/>
</testsuite> <!-- testrunner.TestRunner -->
