<?xml version="1.0" encoding="UTF-8"?>
<!-- Generated by org.testng.reporters.JUnitReportReporter -->
<testsuite hostname="LTIN266616" failures="0" tests="3" name="testrunner.TestRunner" time="355.466" errors="0" timestamp="2024-02-29T16:40:29 IST" skipped="0">
  <testcase classname="testrunner.TestRunner" name="runScenario" time="12.654"/>
  <testcase classname="testrunner.TestRunner" name="runScenario" time="82.582"/>
  <testcase classname="testrunner.TestRunner" name="runScenario" time="260.230"/>
</testsuite> <!-- testrunner.TestRunner -->
